<?xml version="1.0" encoding="UTF-8"?>
<!-- Generated by org.testng.reporters.JUnitReportReporter -->
<testsuite hostname="DESKTOP-RKDJRII" failures="0" tests="1" name="xmlParameterization.XMLParameterization_practice" time="0.025" errors="0" timestamp="2023-01-11T16:44:39 IST" skipped="0">
  <testcase classname="xmlParameterization.XMLParameterization_practice" name="demoTest" time="0.025"/>
  <system-out/>
</testsuite> <!-- xmlParameterization.XMLParameterization_practice -->
