<?xml version="1.0" encoding="UTF-8"?>
<!-- Generated by org.testng.reporters.JUnitReportReporter -->
<testsuite hostname="DESKTOP-RKDJRII" failures="0" tests="1" name="testNGDistributedParallelExecution.FifthTest" time="0.024" errors="0" timestamp="2023-01-26T17:21:31 IST" skipped="0">
  <testcase classname="testNGDistributedParallelExecution.FifthTest" name="demo5" time="0.024"/>
  <system-out/>
</testsuite> <!-- testNGDistributedParallelExecution.FifthTest -->
