<?xml version="1.0" encoding="UTF-8"?>
<!-- Generated by org.testng.reporters.JUnitReportReporter -->
<testsuite hostname="DESKTOP-RKDJRII" failures="0" tests="1" name="testNGDistributedParallelExecution.SecondTest" time="0.025" errors="0" timestamp="2023-01-26T17:21:31 IST" skipped="0">
  <testcase classname="testNGDistributedParallelExecution.SecondTest" name="demo2" time="0.025"/>
  <system-out/>
</testsuite> <!-- testNGDistributedParallelExecution.SecondTest -->
