<?xml version="1.0" encoding="UTF-8"?>
<!-- Generated by org.testng.reporters.JUnitReportReporter -->
<testsuite hostname="DESKTOP-RKDJRII" failures="0" tests="2" name="testNG.DependsOnMethodsPractice" time="80.128" errors="0" timestamp="2023-01-25T08:00:49 IST" skipped="0">
  <testcase classname="testNG.DependsOnMethodsPractice" name="loginToActitime" time="29.998"/>
  <system-out/>
  <testcase classname="testNG.DependsOnMethodsPractice" name="openActiTime" time="50.130"/>
  <system-out/>
</testsuite> <!-- testNG.DependsOnMethodsPractice -->
