<?xml version="1.0" encoding="UTF-8"?>
<!-- Generated by org.testng.reporters.JUnitReportReporter -->
<testsuite hostname="DESKTOP-RKDJRII" failures="0" tests="3" name="testNG.DataProviderPractice_FromExcel" time="0.017" errors="0" timestamp="2023-01-30T18:08:56 IST" skipped="0">
  <testcase classname="testNG.DataProviderPractice_FromExcel" name="dataProvider" time="0.003"/>
  <system-out/>
  <testcase classname="testNG.DataProviderPractice_FromExcel" name="dataProvider" time="0.012"/>
  <system-out/>
  <testcase classname="testNG.DataProviderPractice_FromExcel" name="dataProvider" time="0.002"/>
  <system-out/>
</testsuite> <!-- testNG.DataProviderPractice_FromExcel -->
