<?xml version="1.0" encoding="UTF-8"?>
<!-- Generated by org.testng.reporters.JUnitReportReporter -->
<testsuite hostname="DESKTOP-RKDJRII" failures="0" tests="5" name="testNG.PriorityPractice" time="0.054" errors="0" timestamp="2023-01-24T17:22:52 IST" skipped="0">
  <testcase classname="testNG.PriorityPractice" name="test3" time="0.034"/>
  <system-out>
    <![CDATA[test 3]]>
  </system-out>
  <testcase classname="testNG.PriorityPractice" name="test1" time="0.010"/>
  <system-out>
    <![CDATA[test 1]]>
  </system-out>
  <testcase classname="testNG.PriorityPractice" name="test0" time="0.007"/>
  <system-out>
    <![CDATA[test 0]]>
  </system-out>
  <testcase classname="testNG.PriorityPractice" name="test4" time="0.002"/>
  <system-out>
    <![CDATA[test 4]]>
  </system-out>
  <testcase classname="testNG.PriorityPractice" name="test2" time="0.001"/>
  <system-out>
    <![CDATA[test 2]]>
  </system-out>
</testsuite> <!-- testNG.PriorityPractice -->
