<?xml version="1.0" encoding="UTF-8"?>
<!-- Generated by org.testng.reporters.JUnitReportReporter -->
<testsuite hostname="DESKTOP-RKDJRII" failures="0" tests="8" name="testNG.EnableAnnotationPractice" time="0.024" errors="0" timestamp="2023-01-25T08:03:24 IST" skipped="1">
  <testcase classname="testNG.EnableAnnotationPractice" name="demo1" time="0.001"/>
  <system-out/>
  <testcase classname="testNG.EnableAnnotationPractice" name="demo1" time="0.010"/>
  <system-out/>
  <testcase classname="testNG.EnableAnnotationPractice" name="demo4" time="0.001"/>
  <system-out/>
  <testcase classname="testNG.EnableAnnotationPractice" name="demo1" time="0.003"/>
  <system-out/>
  <testcase classname="testNG.EnableAnnotationPractice" name="demo4" time="0.003"/>
  <system-out/>
  <testcase classname="testNG.EnableAnnotationPractice" name="demo2" time="0.004"/>
  <system-out/>
  <testcase classname="testNG.EnableAnnotationPractice" name="demo2" time="0.002"/>
  <system-out/>
  <testcase classname="testNG.EnableAnnotationPractice" name="demo3">
    <skipped/>
  </testcase> <!-- demo3 -->
  <system-out/>
</testsuite> <!-- testNG.EnableAnnotationPractice -->
