<?xml version="1.0" encoding="UTF-8"?>
<!-- Generated by org.testng.reporters.JUnitReportReporter -->
<testsuite hostname="DESKTOP-RKDJRII" failures="0" tests="1" name="listenerPractice.Test1" time="0.027" errors="0" timestamp="2023-01-27T17:19:47 IST" skipped="0">
  <testcase classname="listenerPractice.Test1" name="test" time="0.027"/>
  <system-out/>
</testsuite> <!-- listenerPractice.Test1 -->
