<?xml version="1.0" encoding="UTF-8"?>
<!-- Generated by org.testng.reporters.JUnitReportReporter -->
<testsuite hostname="DESKTOP-RKDJRII" failures="0" tests="3" name="grid.Practice1" time="46.214" errors="0" timestamp="2023-02-02T17:51:40 IST" skipped="0">
  <testcase classname="grid.Practice1" name="demo" time="15.477"/>
  <system-out/>
  <testcase classname="grid.Practice1" name="demo" time="14.943"/>
  <system-out/>
  <testcase classname="grid.Practice1" name="demo" time="15.794"/>
  <system-out/>
</testsuite> <!-- grid.Practice1 -->
