<?xml version="1.0" encoding="UTF-8"?>
<!-- Generated by org.testng.reporters.JUnitReportReporter -->
<testsuite hostname="DESKTOP-RKDJRII" failures="0" tests="1" name="testNGDistributedParallelExecution.FourthTest" time="0.002" errors="0" timestamp="2023-01-26T17:21:31 IST" skipped="0">
  <testcase classname="testNGDistributedParallelExecution.FourthTest" name="demo4" time="0.002"/>
  <system-out/>
</testsuite> <!-- testNGDistributedParallelExecution.FourthTest -->
