<?xml version="1.0" encoding="UTF-8"?>
<!-- Generated by org.testng.reporters.JUnitReportReporter -->
<testsuite hostname="DESKTOP-RKDJRII" failures="0" tests="1" name="testNGDistributedParallelExecution.SixthTest" time="0.013" errors="0" timestamp="2023-01-26T17:21:31 IST" skipped="0">
  <testcase classname="testNGDistributedParallelExecution.SixthTest" name="demo6" time="0.013"/>
  <system-out/>
</testsuite> <!-- testNGDistributedParallelExecution.SixthTest -->
