<?xml version="1.0" encoding="UTF-8"?>
<!-- Generated by org.testng.reporters.JUnitReportReporter -->
<testsuite hostname="DESKTOP-RKDJRII" failures="0" tests="1" name="testNG_BatchExecution.FourthTest" time="0.009" errors="0" timestamp="2023-01-25T18:20:13 IST" skipped="0">
  <testcase classname="testNG_BatchExecution.FourthTest" name="demo4" time="0.009"/>
  <system-out/>
</testsuite> <!-- testNG_BatchExecution.FourthTest -->
