<?xml version="1.0" encoding="UTF-8"?>
<!-- Generated by org.testng.reporters.JUnitReportReporter -->
<testsuite hostname="DESKTOP-RKDJRII" failures="0" tests="1" name="testNG.PracticeTest" time="25.604" errors="0" timestamp="2023-01-25T17:11:20 IST" skipped="0">
  <testcase classname="testNG.PracticeTest" name="demoTest" time="25.604"/>
  <system-out/>
</testsuite> <!-- testNG.PracticeTest -->
