<?xml version="1.0" encoding="UTF-8"?>
<!-- Generated by org.testng.reporters.JUnitReportReporter -->
<testsuite hostname="DESKTOP-RKDJRII" failures="0" tests="1" name="assertions.WhyNotIfElse" time="0.018" errors="0" timestamp="2023-02-07T13:10:29 IST" skipped="0">
  <testcase classname="assertions.WhyNotIfElse" name="demo" time="0.018"/>
  <system-out/>
</testsuite> <!-- assertions.WhyNotIfElse -->
