<?xml version="1.0" encoding="UTF-8"?>
<!-- Generated by org.testng.reporters.JUnitReportReporter -->
<testsuite hostname="DESKTOP-RKDJRII" failures="0" tests="8" name="testNG.InvocationCountPractice" time="0.029" errors="0" timestamp="2023-01-24T17:28:37 IST" skipped="0">
  <testcase classname="testNG.InvocationCountPractice" name="demo3" time="0.001"/>
  <system-out/>
  <testcase classname="testNG.InvocationCountPractice" name="demo1" time="0.005"/>
  <system-out/>
  <testcase classname="testNG.InvocationCountPractice" name="demo4" time="0.002"/>
  <system-out/>
  <testcase classname="testNG.InvocationCountPractice" name="demo4" time="0.001"/>
  <system-out/>
  <testcase classname="testNG.InvocationCountPractice" name="demo2" time="0.005"/>
  <system-out/>
  <testcase classname="testNG.InvocationCountPractice" name="demo1" time="0.003"/>
  <system-out/>
  <testcase classname="testNG.InvocationCountPractice" name="demo2" time="0.002"/>
  <system-out/>
  <testcase classname="testNG.InvocationCountPractice" name="demo1" time="0.010"/>
  <system-out/>
</testsuite> <!-- testNG.InvocationCountPractice -->
