<?xml version="1.0" encoding="UTF-8"?>
<!-- Generated by org.testng.reporters.JUnitReportReporter -->
<testsuite hostname="DESKTOP-RKDJRII" failures="0" tests="3" name="testNG.DataProviderAnnotation_Practice" time="0.014" errors="0" timestamp="2023-01-30T17:36:01 IST" skipped="0">
  <testcase classname="testNG.DataProviderAnnotation_Practice" name="dataProvider" time="0.003"/>
  <system-out/>
  <testcase classname="testNG.DataProviderAnnotation_Practice" name="dataProvider" time="0.009"/>
  <system-out/>
  <testcase classname="testNG.DataProviderAnnotation_Practice" name="dataProvider" time="0.002"/>
  <system-out/>
</testsuite> <!-- testNG.DataProviderAnnotation_Practice -->
