<?xml version="1.0" encoding="UTF-8"?>
<!-- Generated by org.testng.reporters.JUnitReportReporter -->
<testsuite hostname="DESKTOP-RKDJRII" failures="0" tests="2" name="grid.CrossBrowserParallelTest" time="82.336" errors="0" timestamp="2023-02-03T08:16:28 IST" skipped="0">
  <testcase classname="grid.CrossBrowserParallelTest" name="test" time="26.662"/>
  <system-out/>
  <testcase classname="grid.CrossBrowserParallelTest" name="test" time="55.674"/>
  <system-out/>
</testsuite> <!-- grid.CrossBrowserParallelTest -->
